<?xml version="1.0" encoding="UTF-8"?>
<!-- Generated by org.testng.reporters.JUnitXMLReporter -->
<testsuite hostname="Mohammad-uddin" ignored="0" name="Default test" tests="3" failures="0" timestamp="2020-06-27T23:30:52 EDT" time="44.991" errors="0">
  <testcase name="TVTest" time="0.703" classname="forapple.ConfiApple"/>
  <testcase name="checktooperlink" time="1.037" classname="forapple.ConfiApple"/>
  <testcase name="supportlink" time="0.988" classname="forapple.ConfiApple"/>
</testsuite> <!-- Default test -->
