<?xml version="1.0" encoding="UTF-8"?>
<testng-results skipped="0" failed="1" ignored="1" total="8" passed="6">
  <reporter-output>
  </reporter-output>
  <suite name="Default suite" duration-ms="136385" started-at="2020-06-30T21:15:58 EDT" finished-at="2020-06-30T21:18:14 EDT">
    <groups>
    </groups>
    <test name="Default test" duration-ms="136385" started-at="2020-06-30T21:15:58 EDT" finished-at="2020-06-30T21:18:14 EDT">
      <class name="homework.Classmethod2">
        <test-method status="PASS" signature="dbConnect()[pri:0, instance:homework.Classmethod2@23e028a9]" name="dbConnect" is-config="true" duration-ms="31" started-at="2020-06-30T21:15:58 EDT" finished-at="2020-06-30T21:15:58 EDT">
          <reporter-output>
          </reporter-output>
        </test-method> <!-- dbConnect -->
        <test-method status="PASS" signature="beforeClass()[pri:0, instance:homework.Classmethod2@23e028a9]" name="beforeClass" is-config="true" duration-ms="0" started-at="2020-06-30T21:15:58 EDT" finished-at="2020-06-30T21:15:58 EDT">
          <reporter-output>
          </reporter-output>
        </test-method> <!-- beforeClass -->
        <test-method status="PASS" signature="openBrowser()[pri:0, instance:homework.Classmethod2@23e028a9]" name="openBrowser" is-config="true" duration-ms="8117" started-at="2020-06-30T21:15:58 EDT" finished-at="2020-06-30T21:16:06 EDT">
          <reporter-output>
          </reporter-output>
        </test-method> <!-- openBrowser -->
        <test-method status="FAIL" signature="signUpFbTest()[pri:1, instance:homework.Classmethod2@23e028a9]" name="signUpFbTest" duration-ms="45466" started-at="2020-06-30T21:16:06 EDT" finished-at="2020-06-30T21:16:52 EDT">
          <exception class="org.openqa.selenium.NoSuchElementException">
            <message>
              <![CDATA[no such element: Unable to locate element: {"method":"xpath","selector":"//input[@name='firstname']"}
  (Session info: chrome=83.0.4103.116)
For documentation on this error, please visit: https://www.seleniumhq.org/exceptions/no_such_element.html
Build info: version: '3.141.59', revision: 'e82be7d358', time: '2018-11-14T08:25:48'
System info: host: 'MOHAMMAD-UDDIN', ip: '192.168.1.27', os.name: 'Windows 10', os.arch: 'amd64', os.version: '10.0', java.version: '1.8.0_251'
Driver info: org.openqa.selenium.chrome.ChromeDriver
Capabilities {acceptInsecureCerts: false, browserName: chrome, browserVersion: 83.0.4103.116, chrome: {chromedriverVersion: 83.0.4103.39 (ccbf011cb2d2b..., userDataDir: C:\Users\alaud\AppData\Loca...}, goog:chromeOptions: {debuggerAddress: localhost:64642}, javascriptEnabled: true, networkConnectionEnabled: false, pageLoadStrategy: normal, platform: WINDOWS, platformName: WINDOWS, proxy: Proxy(), setWindowRect: true, strictFileInteractability: false, timeouts: {implicit: 0, pageLoad: 300000, script: 30000}, unhandledPromptBehavior: dismiss and notify, webauthn:virtualAuthenticators: true}
Session ID: be85a837dcf979b5537e8261fbacbd49
*** Element info: {Using=xpath, value=//input[@name='firstname']}]]>
            </message>
            <full-stacktrace>
              <![CDATA[org.openqa.selenium.NoSuchElementException: no such element: Unable to locate element: {"method":"xpath","selector":"//input[@name='firstname']"}
  (Session info: chrome=83.0.4103.116)
For documentation on this error, please visit: https://www.seleniumhq.org/exceptions/no_such_element.html
Build info: version: '3.141.59', revision: 'e82be7d358', time: '2018-11-14T08:25:48'
System info: host: 'MOHAMMAD-UDDIN', ip: '192.168.1.27', os.name: 'Windows 10', os.arch: 'amd64', os.version: '10.0', java.version: '1.8.0_251'
Driver info: org.openqa.selenium.chrome.ChromeDriver
Capabilities {acceptInsecureCerts: false, browserName: chrome, browserVersion: 83.0.4103.116, chrome: {chromedriverVersion: 83.0.4103.39 (ccbf011cb2d2b..., userDataDir: C:\Users\alaud\AppData\Loca...}, goog:chromeOptions: {debuggerAddress: localhost:64642}, javascriptEnabled: true, networkConnectionEnabled: false, pageLoadStrategy: normal, platform: WINDOWS, platformName: WINDOWS, proxy: Proxy(), setWindowRect: true, strictFileInteractability: false, timeouts: {implicit: 0, pageLoad: 300000, script: 30000}, unhandledPromptBehavior: dismiss and notify, webauthn:virtualAuthenticators: true}
Session ID: be85a837dcf979b5537e8261fbacbd49
*** Element info: {Using=xpath, value=//input[@name='firstname']}
at sun.reflect.NativeConstructorAccessorImpl.newInstance0(Native Method)
at sun.reflect.NativeConstructorAccessorImpl.newInstance(Unknown Source)
at sun.reflect.DelegatingConstructorAccessorImpl.newInstance(Unknown Source)
at java.lang.reflect.Constructor.newInstance(Unknown Source)
at org.openqa.selenium.remote.http.W3CHttpResponseCodec.createException(W3CHttpResponseCodec.java:187)
at org.openqa.selenium.remote.http.W3CHttpResponseCodec.decode(W3CHttpResponseCodec.java:122)
at org.openqa.selenium.remote.http.W3CHttpResponseCodec.decode(W3CHttpResponseCodec.java:49)
at org.openqa.selenium.remote.HttpCommandExecutor.execute(HttpCommandExecutor.java:158)
at org.openqa.selenium.remote.service.DriverCommandExecutor.execute(DriverCommandExecutor.java:83)
at org.openqa.selenium.remote.RemoteWebDriver.execute(RemoteWebDriver.java:552)
at org.openqa.selenium.remote.RemoteWebDriver.findElement(RemoteWebDriver.java:323)
at org.openqa.selenium.remote.RemoteWebDriver.findElementByXPath(RemoteWebDriver.java:428)
at org.openqa.selenium.By$ByXPath.findElement(By.java:353)
at org.openqa.selenium.remote.RemoteWebDriver.findElement(RemoteWebDriver.java:315)
at homework.Classmethod2.signUpFbTest(Classmethod2.java:40)
at sun.reflect.NativeMethodAccessorImpl.invoke0(Native Method)
at sun.reflect.NativeMethodAccessorImpl.invoke(Unknown Source)
at sun.reflect.DelegatingMethodAccessorImpl.invoke(Unknown Source)
at java.lang.reflect.Method.invoke(Unknown Source)
at org.testng.internal.MethodInvocationHelper.invokeMethod(MethodInvocationHelper.java:135)
at org.testng.internal.TestInvoker.invokeMethod(TestInvoker.java:598)
at org.testng.internal.TestInvoker.invokeTestMethod(TestInvoker.java:174)
at org.testng.internal.MethodRunner.runInSequence(MethodRunner.java:46)
at org.testng.internal.TestInvoker$MethodInvocationAgent.invoke(TestInvoker.java:821)
at org.testng.internal.TestInvoker.invokeTestMethods(TestInvoker.java:147)
at org.testng.internal.TestMethodWorker.invokeTestMethods(TestMethodWorker.java:146)
at org.testng.internal.TestMethodWorker.run(TestMethodWorker.java:128)
at java.util.ArrayList.forEach(Unknown Source)
at org.testng.TestRunner.privateRun(TestRunner.java:767)
at org.testng.TestRunner.run(TestRunner.java:588)
at org.testng.SuiteRunner.runTest(SuiteRunner.java:384)
at org.testng.SuiteRunner.runSequentially(SuiteRunner.java:378)
at org.testng.SuiteRunner.privateRun(SuiteRunner.java:337)
at org.testng.SuiteRunner.run(SuiteRunner.java:286)
at org.testng.SuiteRunnerWorker.runSuite(SuiteRunnerWorker.java:53)
at org.testng.SuiteRunnerWorker.run(SuiteRunnerWorker.java:96)
at org.testng.TestNG.runSuitesSequentially(TestNG.java:1214)
at org.testng.TestNG.runSuitesLocally(TestNG.java:1136)
at org.testng.TestNG.runSuites(TestNG.java:1066)
at org.testng.TestNG.run(TestNG.java:1034)
at org.testng.remote.AbstractRemoteTestNG.run(AbstractRemoteTestNG.java:115)
at org.testng.remote.RemoteTestNG.initAndRun(RemoteTestNG.java:251)
at org.testng.remote.RemoteTestNG.main(RemoteTestNG.java:77)
]]>
            </full-stacktrace>
          </exception> <!-- org.openqa.selenium.NoSuchElementException -->
          <reporter-output>
          </reporter-output>
        </test-method> <!-- signUpFbTest -->
        <test-method status="PASS" signature="closeBrowser()[pri:0, instance:homework.Classmethod2@23e028a9]" name="closeBrowser" is-config="true" duration-ms="85" started-at="2020-06-30T21:16:52 EDT" finished-at="2020-06-30T21:16:52 EDT">
          <reporter-output>
          </reporter-output>
        </test-method> <!-- closeBrowser -->
        <test-method status="PASS" signature="openBrowser()[pri:0, instance:homework.Classmethod2@23e028a9]" name="openBrowser" is-config="true" duration-ms="7398" started-at="2020-06-30T21:16:52 EDT" finished-at="2020-06-30T21:16:59 EDT">
          <reporter-output>
          </reporter-output>
        </test-method> <!-- openBrowser -->
        <test-method status="PASS" signature="MotorsTest()[pri:2, instance:homework.Classmethod2@23e028a9]" name="MotorsTest" duration-ms="432" started-at="2020-06-30T21:16:59 EDT" finished-at="2020-06-30T21:17:00 EDT">
          <reporter-output>
          </reporter-output>
        </test-method> <!-- MotorsTest -->
        <test-method status="PASS" signature="closeBrowser()[pri:0, instance:homework.Classmethod2@23e028a9]" name="closeBrowser" is-config="true" duration-ms="87" started-at="2020-06-30T21:17:00 EDT" finished-at="2020-06-30T21:17:00 EDT">
          <reporter-output>
          </reporter-output>
        </test-method> <!-- closeBrowser -->
        <test-method status="PASS" signature="openBrowser()[pri:0, instance:homework.Classmethod2@23e028a9]" name="openBrowser" is-config="true" duration-ms="8421" started-at="2020-06-30T21:17:00 EDT" finished-at="2020-06-30T21:17:08 EDT">
          <reporter-output>
          </reporter-output>
        </test-method> <!-- openBrowser -->
        <test-method status="PASS" signature="dealTest()[pri:3, instance:homework.Classmethod2@23e028a9]" name="dealTest" duration-ms="609" started-at="2020-06-30T21:17:08 EDT" finished-at="2020-06-30T21:17:09 EDT">
          <reporter-output>
          </reporter-output>
        </test-method> <!-- dealTest -->
        <test-method status="PASS" signature="closeBrowser()[pri:0, instance:homework.Classmethod2@23e028a9]" name="closeBrowser" is-config="true" duration-ms="4431" started-at="2020-06-30T21:17:09 EDT" finished-at="2020-06-30T21:17:13 EDT">
          <reporter-output>
          </reporter-output>
        </test-method> <!-- closeBrowser -->
        <test-method status="PASS" signature="openBrowser()[pri:0, instance:homework.Classmethod2@23e028a9]" name="openBrowser" is-config="true" duration-ms="7303" started-at="2020-06-30T21:17:13 EDT" finished-at="2020-06-30T21:17:20 EDT">
          <reporter-output>
          </reporter-output>
        </test-method> <!-- openBrowser -->
        <test-method status="PASS" signature="toysTest()[pri:4, instance:homework.Classmethod2@23e028a9]" name="toysTest" duration-ms="1695" started-at="2020-06-30T21:17:20 EDT" finished-at="2020-06-30T21:17:22 EDT">
          <reporter-output>
          </reporter-output>
        </test-method> <!-- toysTest -->
        <test-method status="PASS" signature="closeBrowser()[pri:0, instance:homework.Classmethod2@23e028a9]" name="closeBrowser" is-config="true" duration-ms="4385" started-at="2020-06-30T21:17:22 EDT" finished-at="2020-06-30T21:17:26 EDT">
          <reporter-output>
          </reporter-output>
        </test-method> <!-- closeBrowser -->
        <test-method status="PASS" signature="openBrowser()[pri:0, instance:homework.Classmethod2@23e028a9]" name="openBrowser" is-config="true" duration-ms="8238" started-at="2020-06-30T21:17:26 EDT" finished-at="2020-06-30T21:17:35 EDT">
          <reporter-output>
          </reporter-output>
        </test-method> <!-- openBrowser -->
        <test-method status="PASS" signature="loginTest()[pri:6, instance:homework.Classmethod2@23e028a9]" name="loginTest" duration-ms="15381" started-at="2020-06-30T21:17:35 EDT" finished-at="2020-06-30T21:17:50 EDT">
          <reporter-output>
          </reporter-output>
        </test-method> <!-- loginTest -->
        <test-method status="PASS" signature="closeBrowser()[pri:0, instance:homework.Classmethod2@23e028a9]" name="closeBrowser" is-config="true" duration-ms="72" started-at="2020-06-30T21:17:50 EDT" finished-at="2020-06-30T21:17:50 EDT">
          <reporter-output>
          </reporter-output>
        </test-method> <!-- closeBrowser -->
        <test-method status="PASS" signature="openBrowser()[pri:0, instance:homework.Classmethod2@23e028a9]" name="openBrowser" is-config="true" duration-ms="7407" started-at="2020-06-30T21:17:50 EDT" finished-at="2020-06-30T21:17:58 EDT">
          <reporter-output>
          </reporter-output>
        </test-method> <!-- openBrowser -->
        <test-method status="PASS" signature="logoutTest()[pri:7, instance:homework.Classmethod2@23e028a9]" name="logoutTest" duration-ms="3" started-at="2020-06-30T21:17:58 EDT" finished-at="2020-06-30T21:17:58 EDT">
          <reporter-output>
          </reporter-output>
        </test-method> <!-- logoutTest -->
        <test-method status="PASS" signature="closeBrowser()[pri:0, instance:homework.Classmethod2@23e028a9]" name="closeBrowser" is-config="true" duration-ms="4190" started-at="2020-06-30T21:17:58 EDT" finished-at="2020-06-30T21:18:02 EDT">
          <reporter-output>
          </reporter-output>
        </test-method> <!-- closeBrowser -->
        <test-method status="PASS" signature="openBrowser()[pri:0, instance:homework.Classmethod2@23e028a9]" name="openBrowser" is-config="true" duration-ms="8162" started-at="2020-06-30T21:18:02 EDT" finished-at="2020-06-30T21:18:10 EDT">
          <reporter-output>
          </reporter-output>
        </test-method> <!-- openBrowser -->
        <test-method status="PASS" signature="tryCatchTest()[pri:8, instance:homework.Classmethod2@23e028a9]" name="tryCatchTest" duration-ms="16" started-at="2020-06-30T21:18:10 EDT" finished-at="2020-06-30T21:18:10 EDT">
          <reporter-output>
          </reporter-output>
        </test-method> <!-- tryCatchTest -->
        <test-method status="PASS" signature="closeBrowser()[pri:0, instance:homework.Classmethod2@23e028a9]" name="closeBrowser" is-config="true" duration-ms="4421" started-at="2020-06-30T21:18:10 EDT" finished-at="2020-06-30T21:18:14 EDT">
          <reporter-output>
          </reporter-output>
        </test-method> <!-- closeBrowser -->
        <test-method status="PASS" signature="tearDown()[pri:0, instance:homework.Classmethod2@23e028a9]" name="tearDown" is-config="true" duration-ms="556" started-at="2020-06-30T21:18:14 EDT" finished-at="2020-06-30T21:18:15 EDT">
          <reporter-output>
          </reporter-output>
        </test-method> <!-- tearDown -->
      </class> <!-- homework.Classmethod2 -->
    </test> <!-- Default test -->
  </suite> <!-- Default suite -->
</testng-results>
